<?xml version="1.0" encoding="UTF-8"?>
<!-- Generated by org.testng.reporters.JUnitReportReporter -->
<testsuite skipped="1" hostname="DESKTOP-VD74DVK" name="com.contact.test1.SameClassDataProvider" tests="1" failures="0" timestamp="2020-03-25T22:45:42 IST" time="0.000" errors="0">
  <testcase name="addToCart" time="0.000" classname="com.contact.test1.SameClassDataProvider">
    <skipped/>
  </testcase> <!-- addToCart -->
</testsuite> <!-- com.contact.test1.SameClassDataProvider -->
