<?xml version="1.0" encoding="UTF-8"?>
<!-- Generated by org.testng.reporters.JUnitReportReporter -->
<testsuite skipped="0" hostname="DESKTOP-VD74DVK" name="com.contact.test1.Contact_TC_21Test" tests="1" failures="0" timestamp="2020-01-10T07:47:01 IST" time="295.832" errors="0">
  <testcase name="createcontactwithAdministratorTest" time="295.832" classname="com.contact.test1.Contact_TC_21Test"/>
</testsuite> <!-- com.contact.test1.Contact_TC_21Test -->
